<?xml version="1.0" encoding="UTF-8"?>
<!-- Generated by org.testng.reporters.JUnitReportReporter -->
<testsuite hostname="DESKTOP-ASS0TK8" failures="0" tests="3" name="com.Testng.IgnoreTest" time="0.011" errors="0" timestamp="2022-03-28T18:06:27 IST" skipped="1">
  <testcase classname="com.Testng.IgnoreTest" name="women" time="0.001"/>
  <system-out/>
  <testcase classname="com.Testng.IgnoreTest" name="shopping_completed" time="0.010"/>
  <system-out/>
  <testcase classname="com.Testng.IgnoreTest" name="tshirts">
    <skipped/>
  </testcase> <!-- tshirts -->
  <system-out/>
</testsuite> <!-- com.Testng.IgnoreTest -->
