<?xml version="1.0" encoding="UTF-8"?>
<!-- Generated by org.testng.reporters.JUnitReportReporter -->
<testsuite hostname="DESKTOP-ASS0TK8" failures="0" tests="1" name="com.Testng.Expected_Exception" time="0.008" errors="0" timestamp="2022-03-31T09:27:27 IST" skipped="0">
  <testcase classname="com.Testng.Expected_Exception" name="demoo_login" time="0.008"/>
  <system-out/>
</testsuite> <!-- com.Testng.Expected_Exception -->
