<?xml version="1.0" encoding="UTF-8"?>
<!-- Generated by org.testng.reporters.JUnitReportReporter -->
<testsuite hostname="DESKTOP-ASS0TK8" failures="0" tests="1" name="com.Testng.Soft_Assert" time="0.014" errors="0" timestamp="2022-03-31T16:23:06 IST" skipped="0">
  <testcase classname="com.Testng.Soft_Assert" name="soft_Assert_Practice" time="0.014"/>
  <system-out/>
</testsuite> <!-- com.Testng.Soft_Assert -->
