<?xml version="1.0" encoding="UTF-8"?>
<!-- Generated by org.testng.reporters.JUnitReportReporter -->
<testsuite hostname="DESKTOP-ASS0TK8" failures="0" tests="3" name="com.Testng.Data_Provider" time="0.010" errors="0" timestamp="2022-04-03T16:18:53 IST" skipped="0">
  <testcase classname="com.Testng.Data_Provider" name="creds" time="0.001"/>
  <system-out/>
  <testcase classname="com.Testng.Data_Provider" name="creds" time="0.007"/>
  <system-out/>
  <testcase classname="com.Testng.Data_Provider" name="creds" time="0.002"/>
  <system-out/>
</testsuite> <!-- com.Testng.Data_Provider -->
