<?xml version="1.0" encoding="UTF-8"?>
<!-- Generated by org.testng.reporters.JUnitReportReporter -->
<testsuite ignored="0" hostname="DESKTOP-ASS0TK8" failures="0" tests="4" name="com.Testng.TestNgPractice" time="0.013" errors="0" timestamp="28 Mar 2022 09:08:49 GMT" skipped="0">
  <testcase classname="com.Testng.TestNgPractice" name="tshirt" time="0.006"/>
  <testcase classname="com.Testng.TestNgPractice" name="boys" time="0.003"/>
  <testcase classname="com.Testng.TestNgPractice" name="finish_Purchase" time="0.003"/>
  <testcase classname="com.Testng.TestNgPractice" name="dress" time="0.001"/>
</testsuite> <!-- com.Testng.TestNgPractice -->
