<?xml version="1.0" encoding="UTF-8"?>
<!-- Generated by org.testng.reporters.JUnitReportReporter -->
<testsuite hostname="DESKTOP-ASS0TK8" failures="0" tests="5" name="com.Testng.Priority_Test" time="0.018" errors="0" timestamp="2022-03-28T18:16:16 IST" skipped="0">
  <testcase classname="com.Testng.Priority_Test" name="saveetha" time="0.011"/>
  <system-out/>
  <testcase classname="com.Testng.Priority_Test" name="stjosephs" time="0.001"/>
  <system-out/>
  <testcase classname="com.Testng.Priority_Test" name="greens" time="0.002"/>
  <system-out/>
  <testcase classname="com.Testng.Priority_Test" name="paramveer" time="0.001"/>
  <system-out/>
  <testcase classname="com.Testng.Priority_Test" name="rajalakshmi" time="0.003"/>
  <system-out/>
</testsuite> <!-- com.Testng.Priority_Test -->
