<?xml version="1.0" encoding="UTF-8"?>
<!-- Generated by org.testng.reporters.JUnitReportReporter -->
<testsuite ignored="0" hostname="DESKTOP-ASS0TK8" failures="0" tests="1" name="com.Testng.TestNgClassPractice" time="0.023" errors="0" timestamp="28 Mar 2022 06:28:28 GMT" skipped="0">
  <testcase classname="com.Testng.TestNgClassPractice" name="dresses" time="0.023"/>
</testsuite> <!-- com.Testng.TestNgClassPractice -->
