<?xml version="1.0" encoding="UTF-8"?>
<!-- Generated by org.testng.reporters.JUnitReportReporter -->
<testsuite hostname="DESKTOP-ASS0TK8" failures="0" tests="1" name="com.Testng.Parameterized_Test" time="0.009" errors="0" timestamp="2022-04-03T15:51:08 IST" skipped="0">
  <testcase classname="com.Testng.Parameterized_Test" name="credentials" time="0.009"/>
  <system-out/>
</testsuite> <!-- com.Testng.Parameterized_Test -->
