<?xml version="1.0" encoding="UTF-8"?>
<!-- Generated by org.testng.reporters.JUnitReportReporter -->
<testsuite hostname="DESKTOP-ASS0TK8" failures="0" tests="6" name="com.Testng.Grouping_Test" time="0.018" errors="0" timestamp="2022-04-03T17:42:32 IST" skipped="0">
  <testcase classname="com.Testng.Grouping_Test" name="flipkart" time="0.002"/>
  <system-out/>
  <testcase classname="com.Testng.Grouping_Test" name="paytm" time="0.003"/>
  <system-out/>
  <testcase classname="com.Testng.Grouping_Test" name="wynk" time="0.001"/>
  <system-out/>
  <testcase classname="com.Testng.Grouping_Test" name="cricbuzz" time="0.008"/>
  <system-out/>
  <testcase classname="com.Testng.Grouping_Test" name="cricscores" time="0.002"/>
  <system-out/>
  <testcase classname="com.Testng.Grouping_Test" name="spotify" time="0.002"/>
  <system-out/>
</testsuite> <!-- com.Testng.Grouping_Test -->
