<?xml version="1.0" encoding="UTF-8"?>
<!-- Generated by org.testng.reporters.JUnitReportReporter -->
<testsuite hostname="DESKTOP-ASS0TK8" failures="0" tests="9" name="com.Testng.Invocation_Count" time="0.028" errors="0" timestamp="2022-03-29T19:25:19 IST" skipped="0">
  <testcase classname="com.Testng.Invocation_Count" name="setproperty" time="0.010"/>
  <system-out/>
  <testcase classname="com.Testng.Invocation_Count" name="browser_launch" time="0.002"/>
  <system-out/>
  <testcase classname="com.Testng.Invocation_Count" name="geturl" time="0.003"/>
  <system-out/>
  <testcase classname="com.Testng.Invocation_Count" name="refresh" time="0.003"/>
  <system-out/>
  <testcase classname="com.Testng.Invocation_Count" name="refresh" time="0.003"/>
  <system-out/>
  <testcase classname="com.Testng.Invocation_Count" name="refresh" time="0.002"/>
  <system-out/>
  <testcase classname="com.Testng.Invocation_Count" name="refresh" time="0.002"/>
  <system-out/>
  <testcase classname="com.Testng.Invocation_Count" name="refresh" time="0.001"/>
  <system-out/>
  <testcase classname="com.Testng.Invocation_Count" name="sign_in" time="0.002"/>
  <system-out/>
</testsuite> <!-- com.Testng.Invocation_Count -->
