<?xml version="1.0" encoding="UTF-8"?>
<!-- Generated by org.testng.reporters.JUnitReportReporter -->
<testsuite hostname="DESKTOP-ASS0TK8" failures="0" tests="2" name="com.Testng.DependencyOnMethods" time="0.011" errors="0" timestamp="2022-04-01T15:20:53 IST" skipped="0">
  <testcase classname="com.Testng.DependencyOnMethods" name="abc" time="0.002"/>
  <system-out/>
  <testcase classname="com.Testng.DependencyOnMethods" name="pqr" time="0.009"/>
  <system-out/>
</testsuite> <!-- com.Testng.DependencyOnMethods -->
